<?xml version="1.0" encoding="UTF-8"?>
<Root>
<Test>
<TestName>ETS 2020 - Test 1</TestName>
<TestResult>BCDADCACBCCCBAACBCAABBBACBACCCBCBDDBABBCCBADCBDCAABCDCABCDDCABDDBCACBBBCBDCABACDCABAAABDACBBDACBDBCDAADDAABCDBCBBADDCDCCABBCDAADABBCADDCABACABBADDCACCBDBBDCBABBCBDDBCADCABDBABCADBDAACCBCCBCAABDDCBADCB</TestResult>
</Test>
<Test>
<TestName>ETS 2020 - Test 2</TestName>
<TestResult>DACABCCCABCCBAACABCBBAACCACCABABCAACDACBBCAACBDBCCADBACACDDCACBABCDACBBDCBAAADCDCCBDCDCACBADCBABAADCCABAADCDBBBCADBADCADCBCDDBDACBCBADADCBBDDAABCDCDADDBBCDCDCABABACDABBABCDACDCBDDCCDADCBCABCBCCDABADCA</TestResult>
</Test>
<Test>
<TestName>ETS 2020 - Test 3</TestName>
<TestResult>CDADCBACBBCABBACCABBCAACCBABBACDCBACBBBDDCABADACBCBCBDCADADABCBDDCBCAADABDCBBCBBCAACDBADADAADBBCDACBCBDDAACDBADCCDAABCDACACBABBDBCDDBABACDDACACDBBCBDCBCACDBDADBBADDABABDCCACDAACDCBCDADBABCDBACBDCCACDB</TestResult>
</Test>
<Test>
<TestName>ETS 2020 - Test 4</TestName>
<TestResult>CADBCBABAAACBCACACACBBBCACBACCBDAAADCCBDCDAACDACBDABCADDABACBBBDBADACDCBCCADCADBADBAADCBDCBCADBCDBCACBABABACABDCCBBDBADDABADBDCABCACAAABCDADCBCDDABCCDBDCBCCDBADDABCBDABADDABCDBAACDDCBACDCDBAACCDBCCBAD</TestResult>
</Test>
<Test>
<TestName>ETS 2020 - Test 5</TestName>
<TestResult>DCAACDBCBBACCBBACCABCCBAACCBAAAABDBDCACDDABACBDCDDCCBCDDACBADCDBABBBDACCBADCCDBCBDDBDCADBDDDACCABCABABDCBDBBABBADDBCBDCCDAAADDBADACDDAACABADCDCADAADABBABDABBCDABACABCBDDBDCBDAABADADBCAACABDAAADCBBDBCD</TestResult>
</Test>
<Test>
<TestName>ETS 2020 - Test 6</TestName>
<TestResult>CDCACDBCBACBBACCACCBBBAAACBCABCDBACBBCABACDDCADBCADCBDCCADCBDBADDCDBDDCCAABDDCCBDADCADCCBDCABACBADCBBCACCBBDAADDCABDDADDCABBAADCBABCACBDDCABDDACDBCDADCBADDCCBCDACDCACCBCADBACCBCADDCBDCBCADBDADCBBADBCD</TestResult>
</Test>
<Test>
<TestName>ETS 2020 - Test 7</TestName>
<TestResult>ACCBDACACBCBCCABBCCBCCACABABABABACBAACDBBAACADCDBCACBACABDBDABDADCAABBDACBBDABCBABCBACDAAABCADBACCDDDBBBCABDDCCACBDACCDACBAADACBCADBACACDDADABBADCDADCCACBCDBCADADCABCBCDCBBACDBBADABCCDBADDCCBACDDAADDB</TestResult>
</Test>
<Test>
<TestName>ETS 2020 - Test 8</TestName>
<TestResult>ADCDCBAABBABACCCBCACCACCBBCAAACACDABCADCABDCBDCDABDBDCADBCDCACBACDABDDCBDCABBADABCDCADCBADBACBBCBCDBDCBDADDCBACBCABCBDBBDDBDCADBCACABBDDABCADCCABDACACBDABCADADBDBBDBAADDACCDDCBCCADCABDCAACDBABACCBADDC</TestResult>
</Test>
<Test>
<TestName>ETS 2020 - Test 9</TestName>
<TestResult>CBDADACACBCBCBABCBBAACAAABCBACADBCDCCACCDCBCABADBBCADBABCDAACACABDDCADCDBDCCABCBDDBDAADCBADBADCBDDBAACDBABCDABCBBAADCBBDABCBABDADCCACACDABACBDCBDAABBCDBCDBCCBDCACABDCDCDABABDDACADCBACCDDDBCBABDDCBDCAC</TestResult>
</Test>
<Test>
<TestName>ETS 2020 - Test 10</TestName>
<TestResult>BDAADAABACBAAAAABBAACBACBAABCBBBDCDABBADADCACBBCABACBBDCDBDCABCBACDDCBDCABCADABDBABCADBCBDADABCCDBBDABDDCBAACCDDCBACADBBADBDDDBACCDDCABDCADDACACADCDCABCDBCACDBBCBCDABBBADDCCDAAACDACCBDDBDCDABACACCCBDA</TestResult>
</Test>
</Root>